<?xml version="1.0" encoding="UTF-8"?>
<!-- Generated by org.testng.reporters.JUnitReportReporter -->
<testsuite skipped="0" hostname="DESKTOP-MFGAQER" name="com.testcases.DataDrivenTest" tests="4" failures="0" timestamp="2020-08-31T16:21:53 IST" time="64.641" errors="0">
  <testcase name="loginTest" time="12.071" classname="com.testcases.DataDrivenTest"/>
  <system-out/>
  <testcase name="loginTest" time="28.229" classname="com.testcases.DataDrivenTest"/>
  <system-out/>
  <testcase name="loginTest" time="11.470" classname="com.testcases.DataDrivenTest"/>
  <system-out/>
  <testcase name="loginTest" time="12.871" classname="com.testcases.DataDrivenTest"/>
  <system-out/>
</testsuite> <!-- com.testcases.DataDrivenTest -->
